Welcome to the CBC MILP Solver 
Version: 2.9.0 
Build Date: Feb 12 2015 

command line - C:\Users\zoria\miniconda3\envs\py37\lib\site-packages\pulp\apis\..\solverdir\cbc\win\64\cbc.exe C:\Users\zoria\AppData\Local\Temp\b8957008ec2d4fd1b1a31f63d6900aa9-pulp.mps DivingVectorlength on DivingSome on ratio 0.01 branch printingOptions all solution C:\Users\zoria\AppData\Local\Temp\b8957008ec2d4fd1b1a31f63d6900aa9-pulp.sol (default strategy 1)
At line 2 NAME          MODEL
At line 3 ROWS
At line 9925 COLUMNS
At line 80211 RHS
At line 90132 BOUNDS
At line 98786 ENDATA
Problem MODEL has 9920 rows, 8653 columns and 45319 elements
Coin0008I MODEL read with 0 errors
Option for DivingVectorLength changed from off to on
Option for DivingSome changed from off to on
ratioGap was changed from 0 to 0.01
Continuous objective value is -70595.8 - 0.09 seconds
Cgl0003I 0 fixed, 247 tightened bounds, 340 strengthened rows, 0 substitutions
Cgl0004I processed model has 1968 rows, 2115 columns (2115 integer (1149 of which binary)) and 9090 elements
Cbc0038I Initial state - 183 integers unsatisfied sum - 13.37
Cbc0038I Pass   1: suminf.    3.90000 (129) obj. -57280.7 iterations 303
Cbc0038I Pass   2: suminf.    9.88620 (121) obj. -55699.4 iterations 131
Cbc0038I Pass   3: suminf.   15.50000 (134) obj. -55234.9 iterations 54
Cbc0038I Pass   4: suminf.    5.82060 (102) obj. -55807.8 iterations 126
Cbc0038I Pass   5: suminf.   22.64968 (147) obj. -50320.6 iterations 235
Cbc0038I Pass   6: suminf.   27.21371 (133) obj. -48067.8 iterations 202
Cbc0038I Pass   7: suminf.   37.60662 (171) obj. -46514.5 iterations 40
Cbc0038I Pass   8: suminf.   28.77169 (157) obj. -46562.5 iterations 54
Cbc0038I Pass   9: suminf.    0.86386 (165) obj. -46071.4 iterations 33
Cbc0038I Pass  10: suminf.    1.09411 (161) obj. -45103.5 iterations 44
Cbc0038I Pass  11: suminf.   35.39772 (141) obj. -43890.7 iterations 89
Cbc0038I Pass  12: suminf.   33.15265 (141) obj. -43688 iterations 6
Cbc0038I Pass  13: suminf.   28.59249 (144) obj. -43891.4 iterations 87
Cbc0038I Pass  14: suminf.   34.55958 (147) obj. -42964.1 iterations 24
Cbc0038I Pass  15: suminf.   26.13634 (127) obj. -44819.1 iterations 25
Cbc0038I Pass  16: suminf.   26.37512 (139) obj. -44171.1 iterations 42
Cbc0038I Pass  17: suminf.   23.29060 (135) obj. -45077 iterations 94
Cbc0038I Pass  18: suminf.   15.43914 (142) obj. -42368.9 iterations 41
Cbc0038I Pass  19: suminf.   27.89571 (131) obj. -45150.3 iterations 46
Cbc0038I Pass  20: suminf.   27.65647 (153) obj. -43683.9 iterations 17
Cbc0038I Pass  21: suminf.   27.81091 (153) obj. -44911.3 iterations 105
Cbc0038I Pass  22: suminf.    6.51518 (32) obj. -42621.1 iterations 39
Cbc0038I Pass  23: suminf.    2.68513 (150) obj. -43659.4 iterations 56
Cbc0038I Pass  24: suminf.   10.32027 (34) obj. -42935.2 iterations 57
Cbc0038I Pass  25: suminf.   42.22619 (218) obj. -35223.1 iterations 603
Cbc0038I Pass  26: suminf.   43.65932 (201) obj. -34919.3 iterations 39
Cbc0038I Pass  27: suminf.   41.12433 (197) obj. -35057.2 iterations 69
Cbc0038I Pass  28: suminf.   39.74761 (195) obj. -35031.9 iterations 3
Cbc0038I Pass  29: suminf.   41.82835 (196) obj. -33751.4 iterations 112
Cbc0038I Pass  30: suminf.   34.91072 (185) obj. -32956.8 iterations 31
Cbc0038I No solution found this major pass
Cbc0038I Before mini branch and bound, 1086 integers at bound fixed and 0 continuous of which 31 were internal integer and 0 internal continuous
Cbc0038I Full problem 1968 rows 2115 columns, reduced to 699 rows 756 columns
Cbc0038I Mini branch and bound did not improve solution (0.69 seconds)
Cbc0038I After 0.69 seconds - Feasibility pump exiting - took 0.33 seconds
Cbc0031I 251 added rows had average density of 50.896414
Cbc0013I At root node, 251 cuts changed objective from -70591.16 to -69179.795 in 35 passes
Cbc0014I Cut generator 0 (Probing) - 2314 row cuts average 2.2 elements, 0 column cuts (0 active)  in 0.501 seconds - new frequency is 1
Cbc0014I Cut generator 1 (Gomory) - 884 row cuts average 129.8 elements, 0 column cuts (0 active)  in 0.809 seconds - new frequency is 1
Cbc0014I Cut generator 2 (Knapsack) - 158 row cuts average 3.0 elements, 0 column cuts (0 active)  in 0.158 seconds - new frequency is 1
Cbc0014I Cut generator 3 (Clique) - 0 row cuts average 0.0 elements, 0 column cuts (0 active)  in 0.006 seconds - new frequency is -100
Cbc0014I Cut generator 4 (MixedIntegerRounding2) - 228 row cuts average 11.4 elements, 0 column cuts (0 active)  in 0.227 seconds - new frequency is 1
Cbc0014I Cut generator 5 (FlowCover) - 188 row cuts average 3.7 elements, 0 column cuts (0 active)  in 0.162 seconds - new frequency is 1
Cbc0014I Cut generator 6 (TwoMirCuts) - 659 row cuts average 67.8 elements, 0 column cuts (0 active)  in 0.185 seconds - new frequency is 1
Cbc0010I After 0 nodes, 1 on tree, 1e+050 best solution, best possible -69179.795 (5.18 seconds)
Cbc0010I After 100 nodes, 55 on tree, 1e+050 best solution, best possible -69179.795 (15.95 seconds)
Cbc0010I After 200 nodes, 94 on tree, 1e+050 best solution, best possible -69179.795 (18.29 seconds)
Cbc0012I Integer solution of -54028.375 found by rounding after 20143 iterations and 293 nodes (19.66 seconds)
Cbc0038I Full problem 1968 rows 2115 columns, reduced to 0 rows 0 columns
Cbc0016I Integer solution of -54383.674 found by strong branching after 20144 iterations and 294 nodes (19.69 seconds)
Cbc0010I After 300 nodes, 146 on tree, -54383.674 best solution, best possible -69179.795 (19.93 seconds)
Cbc0038I Full problem 1968 rows 2115 columns, reduced to 401 rows 383 columns
Cbc0010I After 400 nodes, 188 on tree, -54383.674 best solution, best possible -69179.795 (23.90 seconds)
Cbc0038I Full problem 1968 rows 2115 columns, reduced to 218 rows 228 columns
Cbc0012I Integer solution of -60714.219 found by RINS after 49392 iterations and 500 nodes (28.53 seconds)
Cbc0010I After 500 nodes, 104 on tree, -60714.219 best solution, best possible -69179.795 (28.54 seconds)
Cbc0012I Integer solution of -63362.184 found by rounding after 53755 iterations and 599 nodes (30.78 seconds)
Cbc0038I Full problem 1968 rows 2115 columns, reduced to 239 rows 262 columns
Cbc0012I Integer solution of -65658.482 found by RINS after 53819 iterations and 600 nodes (31.49 seconds)
Cbc0010I After 600 nodes, 54 on tree, -65658.482 best solution, best possible -69179.795 (31.50 seconds)
Cbc0038I Full problem 1968 rows 2115 columns, reduced to 166 rows 201 columns
Cbc0012I Integer solution of -66377.967 found by RINS after 70759 iterations and 700 nodes (37.78 seconds)
Cbc0010I After 700 nodes, 89 on tree, -66377.967 best solution, best possible -69179.795 (37.78 seconds)
Cbc0010I After 800 nodes, 130 on tree, -66377.967 best solution, best possible -69179.795 (43.85 seconds)
Cbc0038I Full problem 1968 rows 2115 columns, reduced to 164 rows 182 columns
Cbc0012I Integer solution of -66405.612 found by RINS after 108805 iterations and 900 nodes (49.00 seconds)
Cbc0010I After 900 nodes, 169 on tree, -66405.612 best solution, best possible -69179.795 (49.00 seconds)
Cbc0038I Full problem 1968 rows 2115 columns, reduced to 145 rows 183 columns
Cbc0012I Integer solution of -66564.87 found by RINS after 127107 iterations and 1000 nodes (53.58 seconds)
Cbc0010I After 1000 nodes, 192 on tree, -66564.87 best solution, best possible -69179.795 (53.58 seconds)
Cbc0038I Full problem 1968 rows 2115 columns, reduced to 207 rows 231 columns
Cbc0012I Integer solution of -66609.954 found by RINS after 144820 iterations and 1100 nodes (57.46 seconds)
Cbc0010I After 1100 nodes, 205 on tree, -66609.954 best solution, best possible -69179.795 (57.46 seconds)
Cbc0038I Full problem 1968 rows 2115 columns, reduced to 113 rows 129 columns
Cbc0012I Integer solution of -66668.705 found by RINS after 165520 iterations and 1200 nodes (61.46 seconds)
Cbc0010I After 1200 nodes, 232 on tree, -66668.705 best solution, best possible -69179.795 (61.46 seconds)
Cbc0038I Full problem 1968 rows 2115 columns, reduced to 182 rows 210 columns
Cbc0012I Integer solution of -66726.656 found by RINS after 186846 iterations and 1300 nodes (67.35 seconds)
Cbc0010I After 1300 nodes, 248 on tree, -66726.656 best solution, best possible -69179.795 (67.35 seconds)
Cbc0038I Full problem 1968 rows 2115 columns, reduced to 197 rows 229 columns
Cbc0010I After 1400 nodes, 268 on tree, -66726.656 best solution, best possible -69179.795 (71.57 seconds)
Cbc0010I After 1500 nodes, 278 on tree, -66726.656 best solution, best possible -69179.795 (74.95 seconds)
Cbc0038I Full problem 1968 rows 2115 columns, reduced to 159 rows 174 columns
Cbc0010I After 1600 nodes, 296 on tree, -66726.656 best solution, best possible -69179.795 (78.83 seconds)
Cbc0038I Full problem 1968 rows 2115 columns, reduced to 175 rows 204 columns
Cbc0012I Integer solution of -66739.224 found by RINS after 249530 iterations and 1700 nodes (82.39 seconds)
Cbc0010I After 1700 nodes, 327 on tree, -66739.224 best solution, best possible -69179.795 (82.39 seconds)
Cbc0010I After 1800 nodes, 331 on tree, -66739.224 best solution, best possible -69179.795 (85.36 seconds)
Cbc0038I Full problem 1968 rows 2115 columns, reduced to 171 rows 177 columns
Cbc0012I Integer solution of -66801.113 found by RINS after 267645 iterations and 1900 nodes (87.75 seconds)
Cbc0010I After 1900 nodes, 337 on tree, -66801.113 best solution, best possible -69179.795 (87.75 seconds)
Cbc0038I Full problem 1968 rows 2115 columns, reduced to 131 rows 159 columns
Cbc0010I After 2000 nodes, 359 on tree, -66801.113 best solution, best possible -69179.795 (90.86 seconds)
Cbc0038I Full problem 1968 rows 2115 columns, reduced to 86 rows 95 columns
Cbc0012I Integer solution of -66822.308 found by RINS after 285534 iterations and 2100 nodes (93.85 seconds)
Cbc0010I After 2100 nodes, 351 on tree, -66822.308 best solution, best possible -69179.795 (93.85 seconds)
Cbc0038I Full problem 1968 rows 2115 columns, reduced to 205 rows 228 columns
Cbc0010I After 2200 nodes, 364 on tree, -66822.308 best solution, best possible -69179.795 (98.34 seconds)
Cbc0038I Full problem 1968 rows 2115 columns, reduced to 153 rows 178 columns
Cbc0010I After 2300 nodes, 379 on tree, -66822.308 best solution, best possible -69179.795 (102.83 seconds)
Cbc0038I Full problem 1968 rows 2115 columns, reduced to 175 rows 202 columns
Cbc0010I After 2400 nodes, 377 on tree, -66822.308 best solution, best possible -69179.795 (106.53 seconds)
Cbc0010I After 2500 nodes, 405 on tree, -66822.308 best solution, best possible -69179.795 (108.79 seconds)
Cbc0038I Full problem 1968 rows 2115 columns, reduced to 164 rows 186 columns
Cbc0010I After 2600 nodes, 457 on tree, -66822.308 best solution, best possible -69179.795 (111.97 seconds)
Cbc0038I Full problem 1968 rows 2115 columns, reduced to 163 rows 184 columns
Cbc0010I After 2700 nodes, 500 on tree, -66822.308 best solution, best possible -69179.795 (114.44 seconds)
Cbc0010I After 2800 nodes, 548 on tree, -66822.308 best solution, best possible -69179.795 (117.08 seconds)
Cbc0038I Full problem 1968 rows 2115 columns, reduced to 161 rows 183 columns
Cbc0010I After 2900 nodes, 599 on tree, -66822.308 best solution, best possible -69179.795 (119.58 seconds)
Cbc0038I Full problem 1968 rows 2115 columns, reduced to 164 rows 185 columns
Cbc0010I After 3000 nodes, 646 on tree, -66822.308 best solution, best possible -69179.795 (121.98 seconds)
Cbc0038I Full problem 1968 rows 2115 columns, reduced to 163 rows 185 columns
Cbc0010I After 3100 nodes, 695 on tree, -66822.308 best solution, best possible -69179.795 (124.37 seconds)
Cbc0038I Full problem 1968 rows 2115 columns, reduced to 171 rows 192 columns
Cbc0010I After 3200 nodes, 743 on tree, -66822.308 best solution, best possible -69179.795 (126.50 seconds)
Cbc0038I Full problem 1968 rows 2115 columns, reduced to 163 rows 189 columns
Cbc0010I After 3300 nodes, 790 on tree, -66822.308 best solution, best possible -69179.795 (128.88 seconds)
Cbc0038I Full problem 1968 rows 2115 columns, reduced to 166 rows 190 columns
Cbc0010I After 3400 nodes, 824 on tree, -66822.308 best solution, best possible -69179.795 (131.20 seconds)
Cbc0038I Full problem 1968 rows 2115 columns, reduced to 171 rows 190 columns
Cbc0010I After 3500 nodes, 866 on tree, -66822.308 best solution, best possible -69179.795 (134.08 seconds)
Cbc0038I Full problem 1968 rows 2115 columns, reduced to 171 rows 190 columns
Cbc0010I After 3600 nodes, 866 on tree, -66822.308 best solution, best possible -69179.795 (135.63 seconds)
Cbc0038I Full problem 1968 rows 2115 columns, reduced to 159 rows 181 columns
Cbc0010I After 3700 nodes, 878 on tree, -66822.308 best solution, best possible -69179.795 (138.00 seconds)
Cbc0038I Full problem 1968 rows 2115 columns, reduced to 164 rows 188 columns
Cbc0010I After 3800 nodes, 906 on tree, -66822.308 best solution, best possible -69179.795 (140.08 seconds)
Cbc0038I Full problem 1968 rows 2115 columns, reduced to 164 rows 179 columns
Cbc0010I After 3900 nodes, 939 on tree, -66822.308 best solution, best possible -69179.795 (142.18 seconds)
Cbc0010I After 4000 nodes, 954 on tree, -66822.308 best solution, best possible -69179.795 (143.15 seconds)
Cbc0010I After 4100 nodes, 967 on tree, -66822.308 best solution, best possible -69179.795 (144.48 seconds)
Cbc0038I Full problem 1968 rows 2115 columns, reduced to 170 rows 185 columns
Cbc0038I Full problem 1968 rows 2115 columns, reduced to 172 rows 188 columns
Cbc0010I After 4200 nodes, 974 on tree, -66822.308 best solution, best possible -69179.795 (147.12 seconds)
Cbc0038I Full problem 1968 rows 2115 columns, reduced to 169 rows 185 columns
Cbc0010I After 4300 nodes, 979 on tree, -66822.308 best solution, best possible -69179.795 (149.21 seconds)
Cbc0010I After 4400 nodes, 977 on tree, -66822.308 best solution, best possible -69179.795 (150.75 seconds)
Cbc0010I After 4500 nodes, 988 on tree, -66822.308 best solution, best possible -69179.795 (152.57 seconds)
Cbc0038I Full problem 1968 rows 2115 columns, reduced to 171 rows 188 columns
Cbc0038I Full problem 1968 rows 2115 columns, reduced to 172 rows 192 columns
Cbc0010I After 4600 nodes, 1000 on tree, -66822.308 best solution, best possible -69179.795 (155.56 seconds)
Cbc0038I Full problem 1968 rows 2115 columns, reduced to 169 rows 189 columns
Cbc0010I After 4700 nodes, 1016 on tree, -66822.308 best solution, best possible -69179.795 (158.22 seconds)
Cbc0010I After 4800 nodes, 1012 on tree, -66822.308 best solution, best possible -69179.795 (159.83 seconds)
Cbc0038I Full problem 1968 rows 2115 columns, reduced to 170 rows 195 columns
Cbc0010I After 4900 nodes, 1023 on tree, -66822.308 best solution, best possible -69179.795 (162.04 seconds)
Cbc0010I After 5000 nodes, 1038 on tree, -66822.308 best solution, best possible -69179.795 (163.73 seconds)
Cbc0010I After 5100 nodes, 1058 on tree, -66822.308 best solution, best possible -69179.795 (167.16 seconds)
Cbc0038I Full problem 1968 rows 2115 columns, reduced to 182 rows 215 columns
Cbc0010I After 5200 nodes, 1066 on tree, -66822.308 best solution, best possible -69179.795 (170.25 seconds)
Cbc0010I After 5300 nodes, 1062 on tree, -66822.308 best solution, best possible -69179.795 (172.07 seconds)
Cbc0010I After 5400 nodes, 1048 on tree, -66822.308 best solution, best possible -69179.795 (174.21 seconds)
Cbc0010I After 5500 nodes, 1050 on tree, -66822.308 best solution, best possible -69179.795 (177.02 seconds)
Cbc0010I After 5600 nodes, 1045 on tree, -66822.308 best solution, best possible -69179.795 (180.16 seconds)
Cbc0010I After 5700 nodes, 1047 on tree, -66822.308 best solution, best possible -69179.795 (182.55 seconds)
Cbc0010I After 5800 nodes, 1037 on tree, -66822.308 best solution, best possible -69179.795 (184.80 seconds)
Cbc0010I After 5900 nodes, 1067 on tree, -66822.308 best solution, best possible -69179.795 (186.83 seconds)
Cbc0010I After 6000 nodes, 1066 on tree, -66822.308 best solution, best possible -69179.795 (188.44 seconds)
Cbc0010I After 6100 nodes, 1062 on tree, -66822.308 best solution, best possible -69179.795 (190.33 seconds)
Cbc0010I After 6200 nodes, 1048 on tree, -66822.308 best solution, best possible -69179.795 (192.64 seconds)
Cbc0010I After 6300 nodes, 1049 on tree, -66822.308 best solution, best possible -69179.795 (194.73 seconds)
Cbc0038I Full problem 1968 rows 2115 columns, reduced to 168 rows 187 columns
Cbc0010I After 6400 nodes, 1046 on tree, -66822.308 best solution, best possible -69179.795 (197.61 seconds)
Cbc0010I After 6500 nodes, 1032 on tree, -66822.308 best solution, best possible -69179.795 (199.94 seconds)
Cbc0010I After 6600 nodes, 1034 on tree, -66822.308 best solution, best possible -69179.795 (202.06 seconds)
Cbc0010I After 6700 nodes, 1028 on tree, -66822.308 best solution, best possible -69179.795 (204.14 seconds)
Cbc0010I After 6800 nodes, 1024 on tree, -66822.308 best solution, best possible -69179.795 (206.19 seconds)
Cbc0010I After 6900 nodes, 1030 on tree, -66822.308 best solution, best possible -69179.795 (208.57 seconds)
Cbc0010I After 7000 nodes, 1017 on tree, -66822.308 best solution, best possible -69179.795 (210.84 seconds)
Cbc0010I After 7100 nodes, 1021 on tree, -66822.308 best solution, best possible -69179.795 (213.04 seconds)
Cbc0010I After 7200 nodes, 1013 on tree, -66822.308 best solution, best possible -69179.795 (215.37 seconds)
Cbc0010I After 7300 nodes, 1008 on tree, -66822.308 best solution, best possible -69179.795 (217.52 seconds)
Cbc0010I After 7400 nodes, 995 on tree, -66822.308 best solution, best possible -69179.795 (219.41 seconds)
Cbc0010I After 7500 nodes, 989 on tree, -66822.308 best solution, best possible -69179.795 (221.85 seconds)
Cbc0038I Full problem 1968 rows 2115 columns, reduced to 169 rows 187 columns
Cbc0010I After 7600 nodes, 984 on tree, -66822.308 best solution, best possible -69179.795 (225.04 seconds)
Cbc0010I After 7700 nodes, 990 on tree, -66822.308 best solution, best possible -69179.795 (227.29 seconds)
Cbc0010I After 7800 nodes, 985 on tree, -66822.308 best solution, best possible -69179.795 (229.39 seconds)
Cbc0010I After 7900 nodes, 980 on tree, -66822.308 best solution, best possible -69179.795 (231.65 seconds)
Cbc0010I After 8000 nodes, 980 on tree, -66822.308 best solution, best possible -69179.795 (233.94 seconds)
Cbc0010I After 8100 nodes, 974 on tree, -66822.308 best solution, best possible -69179.795 (235.88 seconds)
Cbc0010I After 8200 nodes, 979 on tree, -66822.308 best solution, best possible -69179.795 (237.67 seconds)
Cbc0010I After 8300 nodes, 970 on tree, -66822.308 best solution, best possible -69179.795 (239.80 seconds)
Cbc0010I After 8400 nodes, 964 on tree, -66822.308 best solution, best possible -69179.795 (241.84 seconds)
Cbc0010I After 8500 nodes, 957 on tree, -66822.308 best solution, best possible -69179.795 (244.07 seconds)
Cbc0010I After 8600 nodes, 947 on tree, -66822.308 best solution, best possible -69179.795 (246.27 seconds)
Cbc0010I After 8700 nodes, 946 on tree, -66822.308 best solution, best possible -69179.795 (248.22 seconds)
Cbc0038I Full problem 1968 rows 2115 columns, reduced to 170 rows 186 columns
Cbc0010I After 8800 nodes, 933 on tree, -66822.308 best solution, best possible -69179.795 (250.60 seconds)
Cbc0010I After 8900 nodes, 934 on tree, -66822.308 best solution, best possible -69179.795 (252.60 seconds)
Cbc0010I After 9000 nodes, 929 on tree, -66822.308 best solution, best possible -69179.795 (254.22 seconds)
Cbc0010I After 9100 nodes, 926 on tree, -66822.308 best solution, best possible -69179.795 (256.30 seconds)
Cbc0010I After 9200 nodes, 927 on tree, -66822.308 best solution, best possible -69179.795 (258.94 seconds)
Cbc0010I After 9300 nodes, 928 on tree, -66822.308 best solution, best possible -69179.795 (261.45 seconds)
Cbc0010I After 9400 nodes, 924 on tree, -66822.308 best solution, best possible -69179.795 (263.56 seconds)
Cbc0010I After 9500 nodes, 922 on tree, -66822.308 best solution, best possible -69179.795 (266.14 seconds)
Cbc0010I After 9600 nodes, 922 on tree, -66822.308 best solution, best possible -69179.795 (268.36 seconds)
Cbc0010I After 9700 nodes, 916 on tree, -66822.308 best solution, best possible -69179.795 (270.72 seconds)
Cbc0010I After 9800 nodes, 920 on tree, -66822.308 best solution, best possible -69179.795 (273.28 seconds)
Cbc0010I After 9900 nodes, 913 on tree, -66822.308 best solution, best possible -69179.795 (275.43 seconds)
Cbc0038I Full problem 1968 rows 2115 columns, reduced to 168 rows 185 columns
Cbc0010I After 10000 nodes, 910 on tree, -66822.308 best solution, best possible -69179.795 (278.91 seconds)
Cbc0010I After 10100 nodes, 910 on tree, -66822.308 best solution, best possible -69179.795 (281.05 seconds)
Cbc0038I Full problem 1968 rows 2115 columns, reduced to 180 rows 198 columns
Cbc0010I After 10200 nodes, 907 on tree, -66822.308 best solution, best possible -69179.795 (284.21 seconds)
Cbc0010I After 10300 nodes, 903 on tree, -66822.308 best solution, best possible -69179.795 (286.51 seconds)
Cbc0010I After 10400 nodes, 900 on tree, -66822.308 best solution, best possible -69179.795 (288.49 seconds)
Cbc0010I After 10500 nodes, 898 on tree, -66822.308 best solution, best possible -69179.795 (291.74 seconds)
Cbc0010I After 10600 nodes, 898 on tree, -66822.308 best solution, best possible -69179.795 (294.33 seconds)
Cbc0010I After 10700 nodes, 906 on tree, -66822.308 best solution, best possible -69179.795 (296.70 seconds)
Cbc0010I After 10800 nodes, 907 on tree, -66822.308 best solution, best possible -69179.795 (299.25 seconds)
Cbc0010I After 10900 nodes, 896 on tree, -66822.308 best solution, best possible -69179.795 (301.79 seconds)
Cbc0010I After 11000 nodes, 898 on tree, -66822.308 best solution, best possible -69179.795 (304.06 seconds)
Cbc0010I After 11100 nodes, 933 on tree, -66822.308 best solution, best possible -69077.02 (330.87 seconds)
Cbc0010I After 11200 nodes, 968 on tree, -66822.308 best solution, best possible -69009.427 (341.51 seconds)
Cbc0010I After 11300 nodes, 995 on tree, -66822.308 best solution, best possible -68951.749 (347.41 seconds)
Cbc0038I Full problem 1968 rows 2115 columns, reduced to 204 rows 217 columns
Cbc0012I Integer solution of -66840.743 found by RINS after 976786 iterations and 11400 nodes (354.11 seconds)
Cbc0010I After 11400 nodes, 961 on tree, -66840.743 best solution, best possible -68918.131 (354.12 seconds)
Cbc0010I After 11500 nodes, 994 on tree, -66840.743 best solution, best possible -68918.131 (357.37 seconds)
Cbc0010I After 11600 nodes, 1035 on tree, -66840.743 best solution, best possible -68916.15 (360.40 seconds)
Cbc0010I After 11700 nodes, 1084 on tree, -66840.743 best solution, best possible -68916.15 (363.65 seconds)
Cbc0010I After 11800 nodes, 1126 on tree, -66840.743 best solution, best possible -68916.15 (366.59 seconds)
Cbc0010I After 11900 nodes, 1160 on tree, -66840.743 best solution, best possible -68916.15 (369.73 seconds)
Cbc0038I Full problem 1968 rows 2115 columns, reduced to 165 rows 173 columns
Cbc0012I Integer solution of -66914.428 found by RINS after 1045813 iterations and 12000 nodes (372.80 seconds)
Cbc0010I After 12000 nodes, 895 on tree, -66914.428 best solution, best possible -68916.15 (372.83 seconds)
Cbc0010I After 12100 nodes, 925 on tree, -66914.428 best solution, best possible -68860.942 (377.74 seconds)
Cbc0010I After 12200 nodes, 955 on tree, -66914.428 best solution, best possible -68831.489 (381.15 seconds)
Cbc0010I After 12300 nodes, 990 on tree, -66914.428 best solution, best possible -68803.207 (383.68 seconds)
Cbc0010I After 12400 nodes, 1029 on tree, -66914.428 best solution, best possible -68786.212 (386.32 seconds)
Cbc0010I After 12500 nodes, 1064 on tree, -66914.428 best solution, best possible -68771.387 (388.89 seconds)
Cbc0038I Full problem 1968 rows 2115 columns, reduced to 167 rows 175 columns
Cbc0012I Integer solution of -66922.68 found by RINS after 1111144 iterations and 12600 nodes (391.57 seconds)
Cbc0010I After 12600 nodes, 1089 on tree, -66922.68 best solution, best possible -68761.533 (391.57 seconds)
Cbc0010I After 12700 nodes, 1118 on tree, -66922.68 best solution, best possible -68761.533 (395.37 seconds)
Cbc0010I After 12800 nodes, 1158 on tree, -66922.68 best solution, best possible -68761.533 (398.50 seconds)
Cbc0010I After 12900 nodes, 1196 on tree, -66922.68 best solution, best possible -68761.533 (401.01 seconds)
Cbc0010I After 13000 nodes, 1228 on tree, -66922.68 best solution, best possible -68761.533 (403.86 seconds)
Cbc0010I After 13100 nodes, 1309 on tree, -66922.68 best solution, best possible -68761.533 (405.95 seconds)
Cbc0038I Full problem 1968 rows 2115 columns, reduced to 153 rows 159 columns
Cbc0012I Integer solution of -66981.389 found by RINS after 1182123 iterations and 13200 nodes (408.27 seconds)
Cbc0010I After 13200 nodes, 1158 on tree, -66981.389 best solution, best possible -68761.533 (408.28 seconds)
Cbc0010I After 13300 nodes, 1189 on tree, -66981.389 best solution, best possible -68761.533 (411.23 seconds)
Cbc0010I After 13400 nodes, 1221 on tree, -66981.389 best solution, best possible -68761.533 (413.94 seconds)
Cbc0010I After 13500 nodes, 1257 on tree, -66981.389 best solution, best possible -68761.533 (416.82 seconds)
Cbc0010I After 13600 nodes, 1299 on tree, -66981.389 best solution, best possible -68761.533 (419.41 seconds)
Cbc0010I After 13700 nodes, 1342 on tree, -66981.389 best solution, best possible -68761.533 (421.94 seconds)
Cbc0038I Full problem 1968 rows 2115 columns, reduced to 141 rows 161 columns
Cbc0012I Integer solution of -67068.15 found by RINS after 1241240 iterations and 13800 nodes (425.05 seconds)
Cbc0010I After 13800 nodes, 1253 on tree, -67068.15 best solution, best possible -68761.533 (425.05 seconds)
Cbc0010I After 13900 nodes, 1277 on tree, -67068.15 best solution, best possible -68761.533 (427.70 seconds)
Cbc0010I After 14000 nodes, 1315 on tree, -67068.15 best solution, best possible -68761.533 (430.01 seconds)
Cbc0010I After 14100 nodes, 1335 on tree, -67068.15 best solution, best possible -68726.266 (433.22 seconds)
Cbc0010I After 14200 nodes, 1357 on tree, -67068.15 best solution, best possible -68700.916 (436.04 seconds)
Cbc0010I After 14300 nodes, 1376 on tree, -67068.15 best solution, best possible -68686.106 (439.82 seconds)
Cbc0038I Full problem 1968 rows 2115 columns, reduced to 114 rows 135 columns
Cbc0010I After 14400 nodes, 1403 on tree, -67068.15 best solution, best possible -68674.358 (443.55 seconds)
Cbc0010I After 14500 nodes, 1430 on tree, -67068.15 best solution, best possible -68662.507 (446.86 seconds)
Cbc0010I After 14600 nodes, 1454 on tree, -67068.15 best solution, best possible -68649.602 (450.03 seconds)
Cbc0010I After 14700 nodes, 1483 on tree, -67068.15 best solution, best possible -68640.766 (453.11 seconds)
Cbc0010I After 14800 nodes, 1516 on tree, -67068.15 best solution, best possible -68635.03 (455.95 seconds)
Cbc0010I After 14900 nodes, 1546 on tree, -67068.15 best solution, best possible -68629.894 (459.76 seconds)
Cbc0010I After 15000 nodes, 1580 on tree, -67068.15 best solution, best possible -68623.184 (463.86 seconds)
Cbc0010I After 15100 nodes, 1607 on tree, -67068.15 best solution, best possible -68618.213 (467.42 seconds)
Cbc0010I After 15200 nodes, 1633 on tree, -67068.15 best solution, best possible -68614.085 (470.38 seconds)
Cbc0010I After 15300 nodes, 1654 on tree, -67068.15 best solution, best possible -68608.723 (473.21 seconds)
Cbc0010I After 15400 nodes, 1677 on tree, -67068.15 best solution, best possible -68604.911 (476.70 seconds)
Cbc0010I After 15500 nodes, 1700 on tree, -67068.15 best solution, best possible -68600.508 (479.70 seconds)
Cbc0010I After 15600 nodes, 1724 on tree, -67068.15 best solution, best possible -68596.354 (482.28 seconds)
Cbc0010I After 15700 nodes, 1751 on tree, -67068.15 best solution, best possible -68591.825 (484.73 seconds)
Cbc0010I After 15800 nodes, 1776 on tree, -67068.15 best solution, best possible -68587.423 (487.18 seconds)
Cbc0010I After 15900 nodes, 1794 on tree, -67068.15 best solution, best possible -68583.897 (489.61 seconds)
Cbc0010I After 16000 nodes, 1815 on tree, -67068.15 best solution, best possible -68580.802 (492.38 seconds)
Cbc0010I After 16100 nodes, 1844 on tree, -67068.15 best solution, best possible -68576.741 (494.84 seconds)
Cbc0010I After 16200 nodes, 1874 on tree, -67068.15 best solution, best possible -68573.341 (497.86 seconds)
Cbc0010I After 16300 nodes, 1892 on tree, -67068.15 best solution, best possible -68569.275 (500.50 seconds)
Cbc0010I After 16400 nodes, 1909 on tree, -67068.15 best solution, best possible -68564.679 (503.11 seconds)
Cbc0010I After 16500 nodes, 1929 on tree, -67068.15 best solution, best possible -68561.825 (506.03 seconds)
Cbc0010I After 16600 nodes, 1948 on tree, -67068.15 best solution, best possible -68559.467 (508.48 seconds)
Cbc0010I After 16700 nodes, 1971 on tree, -67068.15 best solution, best possible -68556.906 (510.67 seconds)
Cbc0010I After 16800 nodes, 1998 on tree, -67068.15 best solution, best possible -68553.497 (513.66 seconds)
Cbc0010I After 16900 nodes, 2015 on tree, -67068.15 best solution, best possible -68550.781 (515.86 seconds)
Cbc0010I After 17000 nodes, 2038 on tree, -67068.15 best solution, best possible -68548.073 (518.89 seconds)
Cbc0010I After 17100 nodes, 2017 on tree, -67068.15 best solution, best possible -68548.073 (521.37 seconds)
Cbc0010I After 17200 nodes, 2006 on tree, -67068.15 best solution, best possible -68548.073 (523.52 seconds)
Cbc0010I After 17300 nodes, 1994 on tree, -67068.15 best solution, best possible -68548.073 (525.92 seconds)
Cbc0010I After 17400 nodes, 2042 on tree, -67068.15 best solution, best possible -68548.073 (527.53 seconds)
Cbc0010I After 17500 nodes, 2020 on tree, -67068.15 best solution, best possible -68548.073 (529.42 seconds)
Cbc0010I After 17600 nodes, 2018 on tree, -67068.15 best solution, best possible -68548.073 (531.34 seconds)
Cbc0010I After 17700 nodes, 2011 on tree, -67068.15 best solution, best possible -68548.073 (533.12 seconds)
Cbc0010I After 17800 nodes, 2022 on tree, -67068.15 best solution, best possible -68548.073 (535.06 seconds)
Cbc0010I After 17900 nodes, 2018 on tree, -67068.15 best solution, best possible -68548.073 (536.35 seconds)
Cbc0010I After 18000 nodes, 2012 on tree, -67068.15 best solution, best possible -68548.073 (538.30 seconds)
Cbc0010I After 18100 nodes, 2042 on tree, -67068.15 best solution, best possible -68544.831 (541.83 seconds)
Cbc0010I After 18200 nodes, 2075 on tree, -67068.15 best solution, best possible -68541.418 (544.17 seconds)
Cbc0010I After 18300 nodes, 2108 on tree, -67068.15 best solution, best possible -68538.127 (547.21 seconds)
Cbc0010I After 18400 nodes, 2140 on tree, -67068.15 best solution, best possible -68534.385 (550.14 seconds)
Cbc0010I After 18500 nodes, 2171 on tree, -67068.15 best solution, best possible -68531.212 (553.25 seconds)
Cbc0010I After 18600 nodes, 2204 on tree, -67068.15 best solution, best possible -68528.147 (555.95 seconds)
Cbc0010I After 18700 nodes, 2233 on tree, -67068.15 best solution, best possible -68525.228 (558.21 seconds)
Cbc0010I After 18800 nodes, 2267 on tree, -67068.15 best solution, best possible -68521.983 (561.00 seconds)
Cbc0010I After 18900 nodes, 2297 on tree, -67068.15 best solution, best possible -68518.831 (564.24 seconds)
Cbc0010I After 19000 nodes, 2333 on tree, -67068.15 best solution, best possible -68515.487 (567.52 seconds)
Cbc0010I After 19100 nodes, 2369 on tree, -67068.15 best solution, best possible -68511.973 (570.54 seconds)
Cbc0010I After 19200 nodes, 2402 on tree, -67068.15 best solution, best possible -68507.88 (573.55 seconds)
Cbc0010I After 19300 nodes, 2437 on tree, -67068.15 best solution, best possible -68504.642 (576.52 seconds)
Cbc0010I After 19400 nodes, 2468 on tree, -67068.15 best solution, best possible -68500.611 (579.66 seconds)
Cbc0010I After 19500 nodes, 2500 on tree, -67068.15 best solution, best possible -68498.036 (582.50 seconds)
Cbc0010I After 19600 nodes, 2532 on tree, -67068.15 best solution, best possible -68495.131 (585.69 seconds)
Cbc0010I After 19700 nodes, 2566 on tree, -67068.15 best solution, best possible -68491.447 (588.82 seconds)
Cbc0010I After 19800 nodes, 2609 on tree, -67068.15 best solution, best possible -68488.639 (592.42 seconds)
Cbc0010I After 19900 nodes, 2646 on tree, -67068.15 best solution, best possible -68485.572 (595.86 seconds)
Cbc0010I After 20000 nodes, 2677 on tree, -67068.15 best solution, best possible -68480.92 (598.85 seconds)
Cbc0010I After 20100 nodes, 2714 on tree, -67068.15 best solution, best possible -68477.038 (601.38 seconds)
Cbc0010I After 20200 nodes, 2750 on tree, -67068.15 best solution, best possible -68473.087 (604.78 seconds)
Cbc0010I After 20300 nodes, 2788 on tree, -67068.15 best solution, best possible -68468.892 (607.64 seconds)
Cbc0010I After 20400 nodes, 2831 on tree, -67068.15 best solution, best possible -68464.025 (610.67 seconds)
Cbc0010I After 20500 nodes, 2866 on tree, -67068.15 best solution, best possible -68458.387 (613.68 seconds)
Cbc0010I After 20600 nodes, 2899 on tree, -67068.15 best solution, best possible -68453.055 (616.94 seconds)
Cbc0010I After 20700 nodes, 2934 on tree, -67068.15 best solution, best possible -68447.469 (619.79 seconds)
Cbc0010I After 20800 nodes, 2973 on tree, -67068.15 best solution, best possible -68441.758 (623.07 seconds)
Cbc0010I After 20900 nodes, 3008 on tree, -67068.15 best solution, best possible -68437.245 (626.28 seconds)
Cbc0010I After 21000 nodes, 3048 on tree, -67068.15 best solution, best possible -68429.968 (630.16 seconds)
Cbc0010I After 21100 nodes, 3042 on tree, -67068.15 best solution, best possible -68429.968 (632.16 seconds)
Cbc0010I After 21200 nodes, 3091 on tree, -67068.15 best solution, best possible -68429.968 (634.00 seconds)
Cbc0010I After 21300 nodes, 3139 on tree, -67068.15 best solution, best possible -68429.968 (635.70 seconds)
Cbc0010I After 21400 nodes, 3127 on tree, -67068.15 best solution, best possible -68429.968 (637.83 seconds)
Cbc0010I After 21500 nodes, 3129 on tree, -67068.15 best solution, best possible -68429.968 (640.00 seconds)
Cbc0038I Full problem 1968 rows 2115 columns, reduced to 99 rows 109 columns
Cbc0010I After 21600 nodes, 3129 on tree, -67068.15 best solution, best possible -68429.968 (642.67 seconds)
Cbc0010I After 21700 nodes, 3120 on tree, -67068.15 best solution, best possible -68429.968 (645.17 seconds)
Cbc0010I After 21800 nodes, 3121 on tree, -67068.15 best solution, best possible -68429.968 (647.11 seconds)
Cbc0010I After 21900 nodes, 3118 on tree, -67068.15 best solution, best possible -68429.968 (649.51 seconds)
Cbc0010I After 22000 nodes, 3124 on tree, -67068.15 best solution, best possible -68429.968 (651.78 seconds)
Cbc0010I After 22100 nodes, 3164 on tree, -67068.15 best solution, best possible -68419.251 (655.75 seconds)
Cbc0010I After 22200 nodes, 3198 on tree, -67068.15 best solution, best possible -68409.811 (659.05 seconds)
Cbc0010I After 22300 nodes, 3231 on tree, -67068.15 best solution, best possible -68402.287 (662.14 seconds)
Cbc0010I After 22400 nodes, 3271 on tree, -67068.15 best solution, best possible -68394.985 (665.94 seconds)
Cbc0010I After 22500 nodes, 3308 on tree, -67068.15 best solution, best possible -68385.332 (669.14 seconds)
Cbc0010I After 22600 nodes, 3346 on tree, -67068.15 best solution, best possible -68376.523 (672.59 seconds)
Cbc0010I After 22700 nodes, 3381 on tree, -67068.15 best solution, best possible -68368.996 (675.54 seconds)
Cbc0010I After 22800 nodes, 3415 on tree, -67068.15 best solution, best possible -68356.408 (678.95 seconds)
Cbc0010I After 22900 nodes, 3448 on tree, -67068.15 best solution, best possible -68344.933 (682.23 seconds)
Cbc0010I After 23000 nodes, 3479 on tree, -67068.15 best solution, best possible -68330.058 (686.68 seconds)
Cbc0010I After 23100 nodes, 3505 on tree, -67068.15 best solution, best possible -68317.22 (690.41 seconds)
Cbc0010I After 23200 nodes, 3537 on tree, -67068.15 best solution, best possible -68302.968 (693.97 seconds)
Cbc0010I After 23300 nodes, 3570 on tree, -67068.15 best solution, best possible -68292.142 (697.41 seconds)
Cbc0010I After 23400 nodes, 3593 on tree, -67068.15 best solution, best possible -68274.975 (700.94 seconds)
Cbc0010I After 23500 nodes, 3622 on tree, -67068.15 best solution, best possible -68259.573 (703.75 seconds)
Cbc0010I After 23600 nodes, 3653 on tree, -67068.15 best solution, best possible -68244.275 (706.94 seconds)
Cbc0010I After 23700 nodes, 3678 on tree, -67068.15 best solution, best possible -68227.12 (709.77 seconds)
Cbc0010I After 23800 nodes, 3696 on tree, -67068.15 best solution, best possible -68211.109 (712.81 seconds)
Cbc0010I After 23900 nodes, 3712 on tree, -67068.15 best solution, best possible -68198.097 (716.04 seconds)
Cbc0010I After 24000 nodes, 3728 on tree, -67068.15 best solution, best possible -68183.884 (718.97 seconds)
Cbc0010I After 24100 nodes, 3735 on tree, -67068.15 best solution, best possible -68171.588 (721.82 seconds)
Cbc0010I After 24200 nodes, 3743 on tree, -67068.15 best solution, best possible -68157.444 (724.37 seconds)
Cbc0010I After 24300 nodes, 3748 on tree, -67068.15 best solution, best possible -68143.459 (727.75 seconds)
Cbc0010I After 24400 nodes, 3755 on tree, -67068.15 best solution, best possible -68127.3 (730.62 seconds)
Cbc0010I After 24500 nodes, 3762 on tree, -67068.15 best solution, best possible -68115.251 (733.79 seconds)
Cbc0010I After 24600 nodes, 3771 on tree, -67068.15 best solution, best possible -68104.32 (736.97 seconds)
Cbc0010I After 24700 nodes, 3785 on tree, -67068.15 best solution, best possible -68094.98 (740.03 seconds)
Cbc0010I After 24800 nodes, 3790 on tree, -67068.15 best solution, best possible -68084.05 (743.03 seconds)
Cbc0010I After 24900 nodes, 3799 on tree, -67068.15 best solution, best possible -68073.968 (746.25 seconds)
Cbc0010I After 25000 nodes, 3800 on tree, -67068.15 best solution, best possible -68061.381 (748.85 seconds)
Cbc0010I After 25100 nodes, 3804 on tree, -67068.15 best solution, best possible -68061.381 (751.06 seconds)
Cbc0010I After 25200 nodes, 3800 on tree, -67068.15 best solution, best possible -68061.381 (753.56 seconds)
Cbc0010I After 25300 nodes, 3792 on tree, -67068.15 best solution, best possible -68061.381 (755.83 seconds)
Cbc0010I After 25400 nodes, 3795 on tree, -67068.15 best solution, best possible -68061.381 (758.30 seconds)
Cbc0010I After 25500 nodes, 3800 on tree, -67068.15 best solution, best possible -68061.381 (760.49 seconds)
Cbc0010I After 25600 nodes, 3794 on tree, -67068.15 best solution, best possible -68061.381 (762.94 seconds)
Cbc0010I After 25700 nodes, 3805 on tree, -67068.15 best solution, best possible -68061.381 (765.66 seconds)
Cbc0010I After 25800 nodes, 3795 on tree, -67068.15 best solution, best possible -68061.381 (767.73 seconds)
Cbc0010I After 25900 nodes, 3799 on tree, -67068.15 best solution, best possible -68061.381 (769.67 seconds)
Cbc0010I After 26000 nodes, 3790 on tree, -67068.15 best solution, best possible -68061.381 (771.87 seconds)
Cbc0010I After 26100 nodes, 3794 on tree, -67068.15 best solution, best possible -68051.115 (774.66 seconds)
Cbc0010I After 26200 nodes, 3800 on tree, -67068.15 best solution, best possible -68043.349 (777.82 seconds)
Cbc0010I After 26300 nodes, 3808 on tree, -67068.15 best solution, best possible -68033.097 (780.56 seconds)
Cbc0010I After 26400 nodes, 3816 on tree, -67068.15 best solution, best possible -68025.808 (783.30 seconds)
Cbc0010I After 26500 nodes, 3824 on tree, -67068.15 best solution, best possible -68017.782 (787.19 seconds)
Cbc0010I After 26600 nodes, 3833 on tree, -67068.15 best solution, best possible -68009.968 (790.16 seconds)
Cbc0010I After 26700 nodes, 3839 on tree, -67068.15 best solution, best possible -68001.329 (793.27 seconds)
Cbc0010I After 26800 nodes, 3846 on tree, -67068.15 best solution, best possible -67993.98 (796.31 seconds)
Cbc0010I After 26900 nodes, 3851 on tree, -67068.15 best solution, best possible -67987.012 (799.39 seconds)
Cbc0010I After 27000 nodes, 3859 on tree, -67068.15 best solution, best possible -67981.513 (802.62 seconds)
Cbc0010I After 27100 nodes, 3864 on tree, -67068.15 best solution, best possible -67974.774 (804.75 seconds)
Cbc0010I After 27200 nodes, 3864 on tree, -67068.15 best solution, best possible -67969.826 (807.57 seconds)
Cbc0010I After 27300 nodes, 3870 on tree, -67068.15 best solution, best possible -67963.078 (810.09 seconds)
Cbc0010I After 27400 nodes, 3874 on tree, -67068.15 best solution, best possible -67957.258 (813.32 seconds)
Cbc0010I After 27500 nodes, 3877 on tree, -67068.15 best solution, best possible -67952.37 (816.26 seconds)
Cbc0010I After 27600 nodes, 3883 on tree, -67068.15 best solution, best possible -67947.091 (819.45 seconds)
Cbc0010I After 27700 nodes, 3883 on tree, -67068.15 best solution, best possible -67940.181 (822.00 seconds)
Cbc0010I After 27800 nodes, 3886 on tree, -67068.15 best solution, best possible -67934.938 (825.38 seconds)
Cbc0010I After 27900 nodes, 3888 on tree, -67068.15 best solution, best possible -67929.352 (828.54 seconds)
Cbc0010I After 28000 nodes, 3886 on tree, -67068.15 best solution, best possible -67923.24 (831.34 seconds)
Cbc0010I After 28100 nodes, 3894 on tree, -67068.15 best solution, best possible -67916.846 (834.22 seconds)
Cbc0010I After 28200 nodes, 3896 on tree, -67068.15 best solution, best possible -67911.494 (837.30 seconds)
Cbc0010I After 28300 nodes, 3900 on tree, -67068.15 best solution, best possible -67906.559 (841.76 seconds)
Cbc0010I After 28400 nodes, 3906 on tree, -67068.15 best solution, best possible -67901.77 (844.79 seconds)
Cbc0010I After 28500 nodes, 3905 on tree, -67068.15 best solution, best possible -67896.821 (847.59 seconds)
Cbc0010I After 28600 nodes, 3908 on tree, -67068.15 best solution, best possible -67891.173 (850.15 seconds)
Cbc0010I After 28700 nodes, 3912 on tree, -67068.15 best solution, best possible -67885.879 (853.41 seconds)
Cbc0010I After 28800 nodes, 3916 on tree, -67068.15 best solution, best possible -67879.89 (856.62 seconds)
Cbc0038I Full problem 1968 rows 2115 columns, reduced to 159 rows 177 columns
Cbc0010I After 28900 nodes, 3919 on tree, -67068.15 best solution, best possible -67872.556 (859.40 seconds)
Cbc0010I After 29000 nodes, 3922 on tree, -67068.15 best solution, best possible -67866.284 (862.15 seconds)
Cbc0010I After 29100 nodes, 3923 on tree, -67068.15 best solution, best possible -67866.284 (864.18 seconds)
Cbc0010I After 29200 nodes, 3918 on tree, -67068.15 best solution, best possible -67866.284 (866.67 seconds)
Cbc0010I After 29300 nodes, 3917 on tree, -67068.15 best solution, best possible -67866.284 (868.61 seconds)
Cbc0010I After 29400 nodes, 3927 on tree, -67068.15 best solution, best possible -67866.284 (871.18 seconds)
Cbc0010I After 29500 nodes, 3923 on tree, -67068.15 best solution, best possible -67866.284 (873.54 seconds)
Cbc0010I After 29600 nodes, 3924 on tree, -67068.15 best solution, best possible -67866.284 (876.00 seconds)
Cbc0010I After 29700 nodes, 3923 on tree, -67068.15 best solution, best possible -67866.284 (879.22 seconds)
Cbc0010I After 29800 nodes, 3920 on tree, -67068.15 best solution, best possible -67866.284 (881.62 seconds)
Cbc0010I After 29900 nodes, 3919 on tree, -67068.15 best solution, best possible -67866.284 (883.90 seconds)
Cbc0010I After 30000 nodes, 3921 on tree, -67068.15 best solution, best possible -67866.284 (886.49 seconds)
Cbc0010I After 30100 nodes, 3927 on tree, -67068.15 best solution, best possible -67860.803 (889.75 seconds)
Cbc0010I After 30200 nodes, 3936 on tree, -67068.15 best solution, best possible -67856.326 (892.51 seconds)
Cbc0010I After 30300 nodes, 3939 on tree, -67068.15 best solution, best possible -67851.767 (895.07 seconds)
Cbc0010I After 30400 nodes, 3945 on tree, -67068.15 best solution, best possible -67846.01 (898.44 seconds)
Cbc0010I After 30500 nodes, 3951 on tree, -67068.15 best solution, best possible -67841.343 (901.52 seconds)
Cbc0010I After 30600 nodes, 3955 on tree, -67068.15 best solution, best possible -67835.433 (904.95 seconds)
Cbc0010I After 30700 nodes, 3961 on tree, -67068.15 best solution, best possible -67831.183 (908.19 seconds)
Cbc0010I After 30800 nodes, 3959 on tree, -67068.15 best solution, best possible -67825.201 (911.24 seconds)
Cbc0010I After 30900 nodes, 3961 on tree, -67068.15 best solution, best possible -67821.247 (914.36 seconds)
Cbc0010I After 31000 nodes, 3970 on tree, -67068.15 best solution, best possible -67815.792 (917.01 seconds)
Cbc0010I After 31100 nodes, 3972 on tree, -67068.15 best solution, best possible -67811.566 (919.78 seconds)
Cbc0010I After 31200 nodes, 3975 on tree, -67068.15 best solution, best possible -67806.701 (922.57 seconds)
Cbc0010I After 31300 nodes, 3982 on tree, -67068.15 best solution, best possible -67801.748 (925.62 seconds)
Cbc0010I After 31400 nodes, 3990 on tree, -67068.15 best solution, best possible -67796.888 (928.46 seconds)
Cbc0010I After 31500 nodes, 3992 on tree, -67068.15 best solution, best possible -67792.319 (931.52 seconds)
Cbc0010I After 31600 nodes, 4002 on tree, -67068.15 best solution, best possible -67787.798 (934.73 seconds)
Cbc0010I After 31700 nodes, 4004 on tree, -67068.15 best solution, best possible -67781.8 (937.31 seconds)
Cbc0010I After 31800 nodes, 4007 on tree, -67068.15 best solution, best possible -67777.433 (940.20 seconds)
Cbc0010I After 31900 nodes, 4012 on tree, -67068.15 best solution, best possible -67773.717 (942.49 seconds)
Cbc0010I After 32000 nodes, 4016 on tree, -67068.15 best solution, best possible -67770.189 (945.19 seconds)
Cbc0010I After 32100 nodes, 4021 on tree, -67068.15 best solution, best possible -67766.206 (947.83 seconds)
Cbc0010I After 32200 nodes, 4024 on tree, -67068.15 best solution, best possible -67762.386 (951.12 seconds)
Cbc0010I After 32300 nodes, 4030 on tree, -67068.15 best solution, best possible -67757.993 (953.82 seconds)
Cbc0010I After 32400 nodes, 4032 on tree, -67068.15 best solution, best possible -67753.7 (957.22 seconds)
Cbc0010I After 32500 nodes, 4038 on tree, -67068.15 best solution, best possible -67749.761 (960.03 seconds)
Cbc0010I After 32600 nodes, 4047 on tree, -67068.15 best solution, best possible -67747.045 (962.79 seconds)
Cbc0010I After 32700 nodes, 4051 on tree, -67068.15 best solution, best possible -67743.564 (965.48 seconds)
Cbc0011I Exiting as integer gap of 675.41417 less than 1e-010 or 1%
Cbc0001I Search completed - best objective -67068.1496224999, took 3447796 iterations and 32701 nodes (965.86 seconds)
Cbc0032I Strong branching done 107068 times (1607934 iterations), fathomed 1806 nodes and fixed 21047 variables
Cbc0035I Maximum depth 183, 633308 variables fixed on reduced cost
Cuts at root node changed objective from -70591.2 to -69179.8
Probing was tried 10385 times and created 410517 cuts of which 274 were active after adding rounds of cuts (19.465 seconds)
Gomory was tried 10178 times and created 49573 cuts of which 18 were active after adding rounds of cuts (28.487 seconds)
Knapsack was tried 10179 times and created 17669 cuts of which 13 were active after adding rounds of cuts (39.568 seconds)
Clique was tried 35 times and created 0 cuts of which 0 were active after adding rounds of cuts (0.006 seconds)
MixedIntegerRounding2 was tried 10179 times and created 50870 cuts of which 32 were active after adding rounds of cuts (17.541 seconds)
FlowCover was tried 10179 times and created 1793 cuts of which 0 were active after adding rounds of cuts (0.875 seconds)
TwoMirCuts was tried 10178 times and created 25922 cuts of which 22 were active after adding rounds of cuts (15.008 seconds)
ImplicationCuts was tried 450 times and created 26751 cuts of which 9 were active after adding rounds of cuts (0.673 seconds)

Result - Optimal solution found (within gap tolerance)

Objective value:                -67068.14962250
Lower bound:                    -67743.564
Gap:                            0.01
Enumerated nodes:               32701
Total iterations:               3447796
Time (CPU seconds):             965.94
Time (Wallclock seconds):       965.94

Option for printingOptions changed from normal to all
Total time (CPU seconds):       966.12   (Wallclock seconds):       966.12

